<?xml version="1.0" encoding="UTF-8"?>
<!-- Generated by org.testng.reporters.JUnitXMLReporter -->
<testsuite hostname="ramit-QA-2035ThinkPad-L14-Gen-1" ignored="0" name="Default test" tests="2" failures="0" timestamp="2021-03-11T13:17:24 IST" time="7.311" errors="0">
  <testcase name="bookflight" time="2.586" classname="main.java.Selenium_Docker.Selenium_Docker.SampleTest"/>
  <testcase name="search" time="3.55" classname="main.java.Selenium_Docker.Selenium_Docker.SampleTest"/>
</testsuite> <!-- Default test -->
